[1] "Fri May 04 12:07:43 2018"
R version 3.1.1 (2014-07-10)
Platform: x86_64-w64-mingw32/x64 (64-bit)

locale:
[1] LC_COLLATE=French_France.1252  LC_CTYPE=French_France.1252    LC_MONETARY=French_France.1252 LC_NUMERIC=C                  
[5] LC_TIME=French_France.1252    

attached base packages:
[1] stats     graphics  grDevices utils     datasets  methods   base     

 N (%) deaths at 5 years: 3487 (34.9)
N (%) alive individuals at 5 years: 6513 (65.1)

 ---------- Dimension of the splitted dataset ----------- 
[1] 467986     18

 ---------- head of the splitted dataset ----------- 
  Expand        Entry       Exit Fail Time Ident ydiag ydiagc sex age agec age.exit year.exit life.status          MUA        tik     intnum        dcatt
1      1 4.745907e-07 0.05000047    0 0.00  3468  1990    -10   2  28  -42 28.29662  1990.297           1 0.0005558831 0.05000000 0.02500047 2.779415e-05
2      1 5.000047e-02 0.10000047    0 0.05  3468  1990    -10   2  28  -42 28.29662  1990.297           1 0.0005558831 0.05000000 0.07500047 2.779415e-05
3      1 1.000005e-01 0.15000047    0 0.10  3468  1990    -10   2  28  -42 28.29662  1990.297           1 0.0005558831 0.05000000 0.12500047 2.779415e-05
4      1 1.500005e-01 0.20000047    0 0.15  3468  1990    -10   2  28  -42 28.29662  1990.297           1 0.0005558831 0.05000000 0.17500047 2.779415e-05
5      1 2.000005e-01 0.25000047    0 0.20  3468  1990    -10   2  28  -42 28.29662  1990.297           1 0.0005558831 0.05000000 0.22500047 2.779415e-05
6      1 2.500005e-01 0.29661739    1 0.25  3468  1990    -10   2  28  -42 28.29662  1990.297           1 0.0005558831 0.04661692 0.29661739 2.591355e-05

 ---------- split of the follow-up individual Ident=1 ----------- 
       Expand        Entry       Exit Fail Time Ident ydiag ydiagc sex age agec age.exit year.exit life.status          MUA        tik     intnum
116759   3923 4.745907e-07 0.05000047    0 0.00     1  2010     10   2  35  -35 36.53802  2011.538           1 0.0005121407 0.05000000 0.02500047
116760   3923 5.000047e-02 0.10000047    0 0.05     1  2010     10   2  35  -35 36.53802  2011.538           1 0.0005121407 0.05000000 0.07500047
116761   3923 1.000005e-01 0.15000047    0 0.10     1  2010     10   2  35  -35 36.53802  2011.538           1 0.0005121407 0.05000000 0.12500047
116762   3923 1.500005e-01 0.20000047    0 0.15     1  2010     10   2  35  -35 36.53802  2011.538           1 0.0005121407 0.05000000 0.17500047
116763   3923 2.000005e-01 0.25000047    0 0.20     1  2010     10   2  35  -35 36.53802  2011.538           1 0.0005121407 0.05000000 0.22500047
116764   3923 2.500005e-01 0.30000047    0 0.25     1  2010     10   2  35  -35 36.53802  2011.538           1 0.0005121407 0.05000000 0.27500047
116765   3923 3.000005e-01 0.35000047    0 0.30     1  2010     10   2  35  -35 36.53802  2011.538           1 0.0005121407 0.05000000 0.32500047
116766   3923 3.500005e-01 0.40000047    0 0.35     1  2010     10   2  35  -35 36.53802  2011.538           1 0.0005121407 0.05000000 0.37500047
116767   3923 4.000005e-01 0.45000047    0 0.40     1  2010     10   2  35  -35 36.53802  2011.538           1 0.0005121407 0.05000000 0.42500047
116768   3923 4.500005e-01 0.50000047    0 0.45     1  2010     10   2  35  -35 36.53802  2011.538           1 0.0005121407 0.05000000 0.47500047
116769   3923 5.000005e-01 0.55000047    0 0.50     1  2010     10   2  35  -35 36.53802  2011.538           1 0.0005121407 0.05000000 0.52500047
116770   3923 5.500005e-01 0.60000047    0 0.55     1  2010     10   2  35  -35 36.53802  2011.538           1 0.0005121407 0.05000000 0.57500047
116771   3923 6.000005e-01 0.65000047    0 0.60     1  2010     10   2  35  -35 36.53802  2011.538           1 0.0005121407 0.05000000 0.62500047
116772   3923 6.500005e-01 0.70000047    0 0.65     1  2010     10   2  35  -35 36.53802  2011.538           1 0.0005121407 0.05000000 0.67500047
116773   3923 7.000005e-01 0.75000047    0 0.70     1  2010     10   2  35  -35 36.53802  2011.538           1 0.0005121407 0.05000000 0.72500047
116774   3923 7.500005e-01 0.80000047    0 0.75     1  2010     10   2  35  -35 36.53802  2011.538           1 0.0005121407 0.05000000 0.77500047
116775   3923 8.000005e-01 0.85000047    0 0.80     1  2010     10   2  35  -35 36.53802  2011.538           1 0.0005121407 0.05000000 0.82500047
116776   3923 8.500005e-01 0.90000047    0 0.85     1  2010     10   2  35  -35 36.53802  2011.538           1 0.0005121407 0.05000000 0.87500047
116777   3923 9.000005e-01 0.95000047    0 0.90     1  2010     10   2  35  -35 36.53802  2011.538           1 0.0005121407 0.05000000 0.92500047
116778   3923 9.500005e-01 1.00000047    0 0.95     1  2010     10   2  35  -35 36.53802  2011.538           1 0.0005121407 0.05000000 0.97500047
116779   3923 1.000000e+00 1.10000047    0 1.00     1  2010     10   2  35  -35 36.53802  2011.538           1 0.0005121407 0.10000000 1.05000047
116780   3923 1.100000e+00 1.20000047    0 1.10     1  2010     10   2  35  -35 36.53802  2011.538           1 0.0005121407 0.10000000 1.15000047
116781   3923 1.200000e+00 1.30000047    0 1.20     1  2010     10   2  35  -35 36.53802  2011.538           1 0.0005121407 0.10000000 1.25000047
116782   3923 1.300000e+00 1.40000047    0 1.30     1  2010     10   2  35  -35 36.53802  2011.538           1 0.0005121407 0.10000000 1.35000047
116783   3923 1.400000e+00 1.50000047    0 1.40     1  2010     10   2  35  -35 36.53802  2011.538           1 0.0005121407 0.10000000 1.45000047
116784   3923 1.500000e+00 1.53801554    1 1.50     1  2010     10   2  35  -35 36.53802  2011.538           1 0.0005121407 0.03801507 1.53801554
              dcatt
116759 2.560704e-05
116760 2.560704e-05
116761 2.560704e-05
116762 2.560704e-05
116763 2.560704e-05
116764 2.560704e-05
116765 2.560704e-05
116766 2.560704e-05
116767 2.560704e-05
116768 2.560704e-05
116769 2.560704e-05
116770 2.560704e-05
116771 2.560704e-05
116772 2.560704e-05
116773 2.560704e-05
116774 2.560704e-05
116775 2.560704e-05
116776 2.560704e-05
116777 2.560704e-05
116778 2.560704e-05
116779 5.121407e-05
116780 5.121407e-05
116781 5.121407e-05
116782 5.121407e-05
116783 5.121407e-05
116784 1.946906e-05
          used (Mb) gc trigger (Mb) max used (Mb)
Ncells  214479 11.5     407500 21.8   350000 18.7
Vcells 8773980 67.0   12309896 94.0 11582262 88.4

 ---------- Knots of time, age and year of diagnosis ----------- 
          0%          20%          40%          60%          80%         100% 
0.0001823058 0.5269664897 1.0580871417 1.6704365394 2.6583451602 4.9978084395 
  0%  25%  50%  75% 100% 
 -49  -22   -5    7   29 
  0%  33%  66% 100% 
 -10   -4    3   10 

 ---------- Summary of the gam fit and run time ----------- 

Family: poissonRS 
Link function: poissonRS.link 

Formula:
Fail ~ te(intnum, agec, ydiagc, k = c(6, 5, 4), bs = "cr")

Parametric coefficients:
            Estimate Std. Error z value Pr(>|z|)    
(Intercept) -2.73845    0.02623  -104.4   <2e-16 ***
---
Signif. codes:  0 ‘***’ 0.001 ‘**’ 0.01 ‘*’ 0.05 ‘.’ 0.1 ‘ ’ 1

Approximate significance of smooth terms:
                         edf Ref.df Chi.sq p-value    
te(intnum,agec,ydiagc) 27.22  34.26   1815  <2e-16 ***
---
Signif. codes:  0 ‘***’ 0.001 ‘**’ 0.01 ‘*’ 0.05 ‘.’ 0.1 ‘ ’ 1

R-sq.(adj) =  -0.0109   Deviance explained = 4.57%
-REML =  23249  Scale est. = 1         n = 467986
Time difference of 21.9697 mins

 ---------- dim(myDesign) ----------- 
[1]   1 120

 ---------- excess hazard (t=1,age=60,year=1997) ----------- 
Estimate [95% CI]: 0.157 [0.139,0.177]


 ---------- dim(myDesign) ----------- 
[1]  51 120

 ---------- design.GL ----------- 
[1] 100 120

5-year Net Survival estimate for women aged 60 y diagnosed in 1997: 64.4%
